\BOOKMARK [1][-]{section.1}{\376\377\000P\000r\000o\000b\000l\000e\000m\000\040\000D\000e\000s\000c\000r\000i\000p\000t\000i\000o\000n\000\040\040\024\000\040\000P\000e\000r\000f\000o\000r\000m\000a\000n\000c\000e\000\040\000O\000r\000g\000a\000n\000i\000z\000a\000t\000i\000o\000n\000\040\000S\000y\000s\000t\000e\000m}{}% 1
\BOOKMARK [2][-]{subsection.1.1}{\376\377\000D\000a\000t\000a\000b\000a\000s\000e\000\040\000R\000e\000q\000u\000i\000r\000e\000m\000e\000n\000t\000s}{section.1}% 2
\BOOKMARK [2][-]{subsection.1.2}{\376\377\000A\000p\000p\000l\000i\000c\000a\000t\000i\000o\000n\000\040\000R\000e\000q\000u\000i\000r\000e\000m\000e\000n\000t\000s}{section.1}% 3
\BOOKMARK [1][-]{section.2}{\376\377\000D\000a\000t\000a\000b\000a\000s\000e\000\040\000D\000e\000s\000i\000g\000n}{}% 4
\BOOKMARK [2][-]{subsection.2.1}{\376\377\000T\000a\000b\000l\000e\000\040\000S\000t\000r\000u\000c\000t\000u\000r\000e}{section.2}% 5
\BOOKMARK [2][-]{subsection.2.2}{\376\377\000E\000R\000\040\000M\000o\000d\000e\000l}{section.2}% 6
\BOOKMARK [1][-]{section.3}{\376\377\000F\000u\000n\000c\000t\000i\000o\000n\000\040\000D\000e\000s\000i\000g\000n}{}% 7
\BOOKMARK [2][-]{subsection.3.1}{\376\377\000U\000s\000e\000r\000s\000\040\000F\000u\000n\000c\000t\000i\000o\000n}{section.3}% 8
\BOOKMARK [3][-]{subsubsection.3.1.1}{\376\377\000L\000o\000g\000i\000n\000\040\000P\000r\000o\000c\000e\000s\000s\000\040\000Q\000u\000e\000r\000y}{subsection.3.1}% 9
\BOOKMARK [3][-]{subsubsection.3.1.2}{\376\377\000D\000r\000a\000m\000a\000-\000B\000a\000s\000e\000d\000\040\000Q\000u\000e\000r\000y}{subsection.3.1}% 10
\BOOKMARK [3][-]{subsubsection.3.1.3}{\376\377\000A\000c\000t\000o\000r\000-\000B\000a\000s\000e\000d\000\040\000Q\000u\000e\000r\000y}{subsection.3.1}% 11
\BOOKMARK [3][-]{subsubsection.3.1.4}{\376\377\000T\000h\000e\000a\000t\000e\000r\000-\000B\000a\000s\000e\000d\000\040\000Q\000u\000e\000r\000y}{subsection.3.1}% 12
\BOOKMARK [3][-]{subsubsection.3.1.5}{\376\377\000P\000e\000r\000s\000o\000n\000a\000l\000\040\000I\000n\000f\000o\000r\000m\000a\000t\000i\000o\000n\000\040\000Q\000u\000e\000r\000y}{subsection.3.1}% 13
\BOOKMARK [2][-]{subsection.3.2}{\376\377\000S\000t\000a\000f\000f\000\040\000F\000u\000n\000c\000t\000i\000o\000n}{section.3}% 14
\BOOKMARK [3][-]{subsubsection.3.2.1}{\376\377\000L\000o\000g\000i\000n\000\040\000P\000r\000o\000c\000e\000s\000s\000\040\000Q\000u\000e\000r\000y}{subsection.3.2}% 15
\BOOKMARK [3][-]{subsubsection.3.2.2}{\376\377\000D\000r\000a\000m\000a\000\040\000M\000a\000n\000a\000g\000e\000m\000e\000n\000t\000\040\000Q\000u\000e\000r\000y}{subsection.3.2}% 16
\BOOKMARK [3][-]{subsubsection.3.2.3}{\376\377\000A\000c\000t\000o\000r\000\040\000M\000a\000n\000a\000g\000e\000m\000e\000n\000t\000\040\000Q\000u\000e\000r\000y}{subsection.3.2}% 17
\BOOKMARK [3][-]{subsubsection.3.2.4}{\376\377\000T\000h\000e\000a\000t\000e\000r\000\040\000M\000a\000n\000a\000g\000e\000m\000e\000n\000t\000\040\000Q\000u\000e\000r\000y}{subsection.3.2}% 18
\BOOKMARK [3][-]{subsubsection.3.2.5}{\376\377\000P\000e\000r\000f\000o\000r\000m\000a\000n\000c\000e\000\040\000M\000a\000n\000a\000g\000e\000m\000e\000n\000t\000\040\000Q\000u\000e\000r\000y}{subsection.3.2}% 19
\BOOKMARK [1][-]{section.4}{\376\377\000I\000m\000p\000l\000e\000m\000e\000n\000t\000a\000t\000i\000o\000n}{}% 20
\BOOKMARK [2][-]{subsection.4.1}{\376\377\000U\000s\000e\000r\000\040\000U\000s\000a\000g\000e}{section.4}% 21
\BOOKMARK [3][-]{subsubsection.4.1.1}{\376\377\000D\000r\000a\000m\000a\000\040\000D\000i\000s\000p\000l\000a\000y}{subsection.4.1}% 22
\BOOKMARK [3][-]{subsubsection.4.1.2}{\376\377\000A\000c\000t\000o\000r\000\040\000D\000i\000s\000p\000l\000a\000y}{subsection.4.1}% 23
\BOOKMARK [3][-]{subsubsection.4.1.3}{\376\377\000T\000h\000e\000a\000t\000e\000r\000\040\000D\000i\000s\000p\000l\000a\000y}{subsection.4.1}% 24
\BOOKMARK [2][-]{subsection.4.2}{\376\377\000S\000t\000a\000f\000f\000\040\000U\000s\000a\000g\000e}{section.4}% 25
\BOOKMARK [3][-]{subsubsection.4.2.1}{\376\377\000D\000r\000a\000m\000a\000\040\000M\000a\000n\000a\000g\000e\000m\000e\000n\000t}{subsection.4.2}% 26
\BOOKMARK [3][-]{subsubsection.4.2.2}{\376\377\000A\000c\000t\000o\000r\000\040\000M\000a\000n\000a\000g\000e\000m\000e\000n\000t}{subsection.4.2}% 27
\BOOKMARK [3][-]{subsubsection.4.2.3}{\376\377\000T\000h\000e\000a\000t\000e\000r\000\040\000M\000a\000n\000a\000g\000e\000m\000e\000n\000t}{subsection.4.2}% 28
\BOOKMARK [3][-]{subsubsection.4.2.4}{\376\377\000P\000e\000r\000f\000o\000r\000m\000a\000n\000c\000e\000\040\000M\000a\000n\000a\000g\000e\000m\000e\000n\000t}{subsection.4.2}% 29
\BOOKMARK [1][-]{section.5}{\376\377\000C\000o\000n\000c\000l\000u\000s\000i\000o\000n}{}% 30
